<?xml version="1.0" encoding="UTF-8"?>
<!-- Generated by org.testng.reporters.JUnitReportReporter -->
<testsuite hostname="EGNEW1WLZ20249" failures="0" tests="4" name="Tests.TestAutomation" time="2.194" errors="0" timestamp="2024-05-12T19:44:33 EET" skipped="0">
  <testcase classname="Tests.TestAutomation" name="testLogin" time="0.884"/>
  <testcase classname="Tests.TestAutomation" name="testFillCheckoutDetails" time="0.788"/>
  <testcase classname="Tests.TestAutomation" name="testAddProductToCart" time="0.298"/>
  <testcase classname="Tests.TestAutomation" name="testProceedToCheckout" time="0.224"/>
</testsuite> <!-- Tests.TestAutomation -->
